<?xml version="1.0" encoding="UTF-8"?>
<testng-results ignored="0" total="1" passed="1" failed="0" skipped="0">
  <reporter-output>
  </reporter-output>
  <suite started-at="2024-09-16T21:57:23 IST" name="Suite" finished-at="2024-09-16T21:57:32 IST" duration-ms="9170">
    <groups>
    </groups>
    <test started-at="2024-09-16T21:57:23 IST" name="Test" finished-at="2024-09-16T21:57:32 IST" duration-ms="9170">
      <class name="TestApple.PayloadEndpoint">
        <test-method signature="ApiApple()[pri:1, instance:TestApple.PayloadEndpoint@2a798d51]" started-at="2024-09-16T21:57:23 IST" name="ApiApple" finished-at="2024-09-16T21:57:32 IST" duration-ms="9103" status="PASS">
          <reporter-output>
          </reporter-output>
        </test-method> <!-- ApiApple -->
      </class> <!-- TestApple.PayloadEndpoint -->
    </test> <!-- Test -->
  </suite> <!-- Suite -->
</testng-results>
